Arguments: 
  /home/sotoon/.nvm/versions/node/v16.20.1/bin/node /home/sotoon/.nvm/versions/node/v16.20.1/bin/yarn add typscript ts-node -D

PATH: 
  /home/sotoon/.nvm/versions/node/v16.20.1/bin:/usr/local/sbin:/usr/local/bin:/usr/sbin:/usr/bin:/sbin:/bin:/usr/games:/usr/local/games:/snap/bin

Yarn version: 
  1.22.19

Node version: 
  16.20.1

Platform: 
  linux x64

Trace: 
  Error: https://registry.yarnpkg.com/typscript: Not found
      at Request.params.callback [as _callback] (/home/sotoon/.nvm/versions/node/v16.20.1/lib/node_modules/yarn/lib/cli.js:66145:18)
      at Request.self.callback (/home/sotoon/.nvm/versions/node/v16.20.1/lib/node_modules/yarn/lib/cli.js:140890:22)
      at Request.emit (node:events:513:28)
      at Request.<anonymous> (/home/sotoon/.nvm/versions/node/v16.20.1/lib/node_modules/yarn/lib/cli.js:141862:10)
      at Request.emit (node:events:513:28)
      at IncomingMessage.<anonymous> (/home/sotoon/.nvm/versions/node/v16.20.1/lib/node_modules/yarn/lib/cli.js:141784:12)
      at Object.onceWrapper (node:events:627:28)
      at IncomingMessage.emit (node:events:525:35)
      at endReadableNT (node:internal/streams/readable:1358:12)
      at processTicksAndRejections (node:internal/process/task_queues:83:21)

npm manifest: 
  {
    "name": "http-server",
    "version": "1.0.0",
    "description": "",
    "main": "index.js",
    "scripts": {
      "test": "echo \"Error: no test specified\" && exit 1"
    },
    "keywords": [],
    "author": "",
    "license": "ISC"
  }

yarn manifest: 
  No manifest

Lockfile: 
  No lockfile
